NetlinkMessage: NetlinkMessage { header: NetlinkHeader { length: 152, message_type: 1305, flags: 0, sequence_number: 0, port_number: 0 }, payload: InnerMessage(Event((1305, "audit(1772250597.943:471): op=set audit_enabled=1 old=1 auid=1000 ses=1 subj=unconfined_u:unconfined_r:unconfined_t:s0-s0:c0.c1023 res=1"))) }
NetlinkPayload: InnerMessage(Event((1305, "audit(1772250597.943:471): op=set audit_enabled=1 old=1 auid=1000 ses=1 subj=unconfined_u:unconfined_r:unconfined_t:s0-s0:c0.c1023 res=1")))
AuditMessage: Event((1305, "audit(1772250597.943:471): op=set audit_enabled=1 old=1 auid=1000 ses=1 subj=unconfined_u:unconfined_r:unconfined_t:s0-s0:c0.c1023 res=1"))
RawAuditRecord: (1305, "audit(1772250597.943:471): op=set audit_enabled=1 old=1 auid=1000 ses=1 subj=unconfined_u:unconfined_r:unconfined_t:s0-s0:c0.c1023 res=1")
ParsedAuditRecord: ParsedAuditRecord { record_type: ConfigChange, timestamp: SystemTime { tv_sec: 1772250597, tv_nsec: 943000000 }, serial: 471, fields: {"op": "set", "audit_enabled": "1", "old": "1", "auid": "1000", "ses": "1", "subj": "unconfined_u:unconfined_r:unconfined_t:s0-s0:c0.c1023", "res": "1"} }
-----------------------------
NetlinkMessage: NetlinkMessage { header: NetlinkHeader { length: 151, message_type: 1305, flags: 0, sequence_number: 0, port_number: 0 }, payload: InnerMessage(Event((1305, "audit(1772250597.943:471): op=set audit_pid=8651 old=0 auid=1000 ses=1 subj=unconfined_u:unconfined_r:unconfined_t:s0-s0:c0.c1023 res=1"))) }
NetlinkPayload: InnerMessage(Event((1305, "audit(1772250597.943:471): op=set audit_pid=8651 old=0 auid=1000 ses=1 subj=unconfined_u:unconfined_r:unconfined_t:s0-s0:c0.c1023 res=1")))
AuditMessage: Event((1305, "audit(1772250597.943:471): op=set audit_pid=8651 old=0 auid=1000 ses=1 subj=unconfined_u:unconfined_r:unconfined_t:s0-s0:c0.c1023 res=1"))
RawAuditRecord: (1305, "audit(1772250597.943:471): op=set audit_pid=8651 old=0 auid=1000 ses=1 subj=unconfined_u:unconfined_r:unconfined_t:s0-s0:c0.c1023 res=1")
ParsedAuditRecord: ParsedAuditRecord { record_type: ConfigChange, timestamp: SystemTime { tv_sec: 1772250597, tv_nsec: 943000000 }, serial: 471, fields: {"auid": "1000", "res": "1", "ses": "1", "old": "0", "subj": "unconfined_u:unconfined_r:unconfined_t:s0-s0:c0.c1023", "op": "set", "audit_pid": "8651"} }
-----------------------------
NetlinkMessage: NetlinkMessage { header: NetlinkHeader { length: 370, message_type: 1300, flags: 0, sequence_number: 0, port_number: 0 }, payload: InnerMessage(Event((1300, "audit(1772250597.943:471): arch=c000003e syscall=44 success=yes exit=56 a0=9 a1=55e738b1f720 a2=38 a3=0 items=0 ppid=8650 pid=8651 auid=1000 uid=0 gid=0 euid=0 suid=0 fsuid=0 egid=0 sgid=0 fsgid=0 tty=pts3 ses=1 comm=\"tokio-runtime-w\" exe=\"/home/ec2-user/auditrs/target/debug/capture\" subj=unconfined_u:unconfined_r:unconfined_t:s0-s0:c0.c1023 key=(null)"))) }
NetlinkPayload: InnerMessage(Event((1300, "audit(1772250597.943:471): arch=c000003e syscall=44 success=yes exit=56 a0=9 a1=55e738b1f720 a2=38 a3=0 items=0 ppid=8650 pid=8651 auid=1000 uid=0 gid=0 euid=0 suid=0 fsuid=0 egid=0 sgid=0 fsgid=0 tty=pts3 ses=1 comm=\"tokio-runtime-w\" exe=\"/home/ec2-user/auditrs/target/debug/capture\" subj=unconfined_u:unconfined_r:unconfined_t:s0-s0:c0.c1023 key=(null)")))
AuditMessage: Event((1300, "audit(1772250597.943:471): arch=c000003e syscall=44 success=yes exit=56 a0=9 a1=55e738b1f720 a2=38 a3=0 items=0 ppid=8650 pid=8651 auid=1000 uid=0 gid=0 euid=0 suid=0 fsuid=0 egid=0 sgid=0 fsgid=0 tty=pts3 ses=1 comm=\"tokio-runtime-w\" exe=\"/home/ec2-user/auditrs/target/debug/capture\" subj=unconfined_u:unconfined_r:unconfined_t:s0-s0:c0.c1023 key=(null)"))
RawAuditRecord: (1300, "audit(1772250597.943:471): arch=c000003e syscall=44 success=yes exit=56 a0=9 a1=55e738b1f720 a2=38 a3=0 items=0 ppid=8650 pid=8651 auid=1000 uid=0 gid=0 euid=0 suid=0 fsuid=0 egid=0 sgid=0 fsgid=0 tty=pts3 ses=1 comm=\"tokio-runtime-w\" exe=\"/home/ec2-user/auditrs/target/debug/capture\" subj=unconfined_u:unconfined_r:unconfined_t:s0-s0:c0.c1023 key=(null)")
ParsedAuditRecord: ParsedAuditRecord { record_type: Syscall, timestamp: SystemTime { tv_sec: 1772250597, tv_nsec: 943000000 }, serial: 471, fields: {"exit": "56", "euid": "0", "ses": "1", "syscall": "44", "gid": "0", "arch": "c000003e", "a0": "9", "items": "0", "a1": "55e738b1f720", "fsuid": "0", "egid": "0", "success": "yes", "sgid": "0", "fsgid": "0", "comm": "tokio-runtime-w", "ppid": "8650", "exe": "/home/ec2-user/auditrs/target/debug/capture", "a3": "0", "tty": "pts3", "subj": "unconfined_u:unconfined_r:unconfined_t:s0-s0:c0.c1023", "key": "(null)", "pid": "8651", "uid": "0", "suid": "0", "auid": "1000", "a2": "38"} }
-----------------------------
NetlinkMessage: NetlinkMessage { header: NetlinkHeader { length: 75, message_type: 1327, flags: 0, sequence_number: 0, port_number: 0 }, payload: InnerMessage(Event((1327, "audit(1772250597.943:471): proctitle=\"target/debug/capture\""))) }
NetlinkPayload: InnerMessage(Event((1327, "audit(1772250597.943:471): proctitle=\"target/debug/capture\"")))
AuditMessage: Event((1327, "audit(1772250597.943:471): proctitle=\"target/debug/capture\""))
RawAuditRecord: (1327, "audit(1772250597.943:471): proctitle=\"target/debug/capture\"")
ParsedAuditRecord: ParsedAuditRecord { record_type: Proctitle, timestamp: SystemTime { tv_sec: 1772250597, tv_nsec: 943000000 }, serial: 471, fields: {"proctitle": "target/debug/capture"} }
-----------------------------
NetlinkMessage: NetlinkMessage { header: NetlinkHeader { length: 43, message_type: 1320, flags: 0, sequence_number: 0, port_number: 0 }, payload: InnerMessage(Event((1320, "audit(1772250597.943:471): "))) }
NetlinkPayload: InnerMessage(Event((1320, "audit(1772250597.943:471): ")))
AuditMessage: Event((1320, "audit(1772250597.943:471): "))
RawAuditRecord: (1320, "audit(1772250597.943:471): ")
ParsedAuditRecord: ParsedAuditRecord { record_type: Eoe, timestamp: SystemTime { tv_sec: 1772250597, tv_nsec: 943000000 }, serial: 471, fields: {} }
-----------------------------
NetlinkMessage: NetlinkMessage { header: NetlinkHeader { length: 305, message_type: 1101, flags: 0, sequence_number: 0, port_number: 0 }, payload: InnerMessage(Other((1101, "audit(1772250607.564:472): pid=8655 uid=1000 auid=1000 ses=1 subj=unconfined_u:unconfined_r:unconfined_t:s0-s0:c0.c1023 msg='op=PAM:accounting grantors=pam_unix acct=\"ec2-user\" exe=\"/usr/bin/sudo\" hostname=ip-172-31-41-171.us-east-2.compute.internal addr=? terminal=/dev/pts/2 res=success'"))) }
NetlinkPayload: InnerMessage(Other((1101, "audit(1772250607.564:472): pid=8655 uid=1000 auid=1000 ses=1 subj=unconfined_u:unconfined_r:unconfined_t:s0-s0:c0.c1023 msg='op=PAM:accounting grantors=pam_unix acct=\"ec2-user\" exe=\"/usr/bin/sudo\" hostname=ip-172-31-41-171.us-east-2.compute.internal addr=? terminal=/dev/pts/2 res=success'")))
AuditMessage: Other((1101, "audit(1772250607.564:472): pid=8655 uid=1000 auid=1000 ses=1 subj=unconfined_u:unconfined_r:unconfined_t:s0-s0:c0.c1023 msg='op=PAM:accounting grantors=pam_unix acct=\"ec2-user\" exe=\"/usr/bin/sudo\" hostname=ip-172-31-41-171.us-east-2.compute.internal addr=? terminal=/dev/pts/2 res=success'"))
-----------------------------
NetlinkMessage: NetlinkMessage { header: NetlinkHeader { length: 226, message_type: 1123, flags: 0, sequence_number: 0, port_number: 0 }, payload: InnerMessage(Other((1123, "audit(1772250607.566:473): pid=8655 uid=1000 auid=1000 ses=1 subj=unconfined_u:unconfined_r:unconfined_t:s0-s0:c0.c1023 msg='cwd=\"/home/ec2-user/auditrs\" cmd=\"ls\" exe=\"/usr/bin/sudo\" terminal=pts/2 res=success'"))) }
NetlinkPayload: InnerMessage(Other((1123, "audit(1772250607.566:473): pid=8655 uid=1000 auid=1000 ses=1 subj=unconfined_u:unconfined_r:unconfined_t:s0-s0:c0.c1023 msg='cwd=\"/home/ec2-user/auditrs\" cmd=\"ls\" exe=\"/usr/bin/sudo\" terminal=pts/2 res=success'")))
AuditMessage: Other((1123, "audit(1772250607.566:473): pid=8655 uid=1000 auid=1000 ses=1 subj=unconfined_u:unconfined_r:unconfined_t:s0-s0:c0.c1023 msg='cwd=\"/home/ec2-user/auditrs\" cmd=\"ls\" exe=\"/usr/bin/sudo\" terminal=pts/2 res=success'"))
-----------------------------
NetlinkMessage: NetlinkMessage { header: NetlinkHeader { length: 306, message_type: 1110, flags: 0, sequence_number: 0, port_number: 0 }, payload: InnerMessage(Other((1110, "audit(1772250607.568:474): pid=8655 uid=1000 auid=1000 ses=1 subj=unconfined_u:unconfined_r:unconfined_t:s0-s0:c0.c1023 msg='op=PAM:setcred grantors=pam_env,pam_unix acct=\"root\" exe=\"/usr/bin/sudo\" hostname=ip-172-31-41-171.us-east-2.compute.internal addr=? terminal=/dev/pts/2 res=success'"))) }
NetlinkPayload: InnerMessage(Other((1110, "audit(1772250607.568:474): pid=8655 uid=1000 auid=1000 ses=1 subj=unconfined_u:unconfined_r:unconfined_t:s0-s0:c0.c1023 msg='op=PAM:setcred grantors=pam_env,pam_unix acct=\"root\" exe=\"/usr/bin/sudo\" hostname=ip-172-31-41-171.us-east-2.compute.internal addr=? terminal=/dev/pts/2 res=success'")))
AuditMessage: Other((1110, "audit(1772250607.568:474): pid=8655 uid=1000 auid=1000 ses=1 subj=unconfined_u:unconfined_r:unconfined_t:s0-s0:c0.c1023 msg='op=PAM:setcred grantors=pam_env,pam_unix acct=\"root\" exe=\"/usr/bin/sudo\" hostname=ip-172-31-41-171.us-east-2.compute.internal addr=? terminal=/dev/pts/2 res=success'"))
-----------------------------
NetlinkMessage: NetlinkMessage { header: NetlinkHeader { length: 338, message_type: 1105, flags: 0, sequence_number: 0, port_number: 0 }, payload: InnerMessage(Other((1105, "audit(1772250607.586:475): pid=8655 uid=1000 auid=1000 ses=1 subj=unconfined_u:unconfined_r:unconfined_t:s0-s0:c0.c1023 msg='op=PAM:session_open grantors=pam_keyinit,pam_limits,pam_systemd,pam_unix acct=\"root\" exe=\"/usr/bin/sudo\" hostname=ip-172-31-41-171.us-east-2.compute.internal addr=? terminal=/dev/pts/2 res=success'"))) }
NetlinkPayload: InnerMessage(Other((1105, "audit(1772250607.586:475): pid=8655 uid=1000 auid=1000 ses=1 subj=unconfined_u:unconfined_r:unconfined_t:s0-s0:c0.c1023 msg='op=PAM:session_open grantors=pam_keyinit,pam_limits,pam_systemd,pam_unix acct=\"root\" exe=\"/usr/bin/sudo\" hostname=ip-172-31-41-171.us-east-2.compute.internal addr=? terminal=/dev/pts/2 res=success'")))
AuditMessage: Other((1105, "audit(1772250607.586:475): pid=8655 uid=1000 auid=1000 ses=1 subj=unconfined_u:unconfined_r:unconfined_t:s0-s0:c0.c1023 msg='op=PAM:session_open grantors=pam_keyinit,pam_limits,pam_systemd,pam_unix acct=\"root\" exe=\"/usr/bin/sudo\" hostname=ip-172-31-41-171.us-east-2.compute.internal addr=? terminal=/dev/pts/2 res=success'"))
-----------------------------
NetlinkMessage: NetlinkMessage { header: NetlinkHeader { length: 339, message_type: 1106, flags: 0, sequence_number: 0, port_number: 0 }, payload: InnerMessage(Other((1106, "audit(1772250607.590:476): pid=8655 uid=1000 auid=1000 ses=1 subj=unconfined_u:unconfined_r:unconfined_t:s0-s0:c0.c1023 msg='op=PAM:session_close grantors=pam_keyinit,pam_limits,pam_systemd,pam_unix acct=\"root\" exe=\"/usr/bin/sudo\" hostname=ip-172-31-41-171.us-east-2.compute.internal addr=? terminal=/dev/pts/2 res=success'"))) }
NetlinkPayload: InnerMessage(Other((1106, "audit(1772250607.590:476): pid=8655 uid=1000 auid=1000 ses=1 subj=unconfined_u:unconfined_r:unconfined_t:s0-s0:c0.c1023 msg='op=PAM:session_close grantors=pam_keyinit,pam_limits,pam_systemd,pam_unix acct=\"root\" exe=\"/usr/bin/sudo\" hostname=ip-172-31-41-171.us-east-2.compute.internal addr=? terminal=/dev/pts/2 res=success'")))
AuditMessage: Other((1106, "audit(1772250607.590:476): pid=8655 uid=1000 auid=1000 ses=1 subj=unconfined_u:unconfined_r:unconfined_t:s0-s0:c0.c1023 msg='op=PAM:session_close grantors=pam_keyinit,pam_limits,pam_systemd,pam_unix acct=\"root\" exe=\"/usr/bin/sudo\" hostname=ip-172-31-41-171.us-east-2.compute.internal addr=? terminal=/dev/pts/2 res=success'"))
-----------------------------
NetlinkMessage: NetlinkMessage { header: NetlinkHeader { length: 306, message_type: 1104, flags: 0, sequence_number: 0, port_number: 0 }, payload: InnerMessage(Other((1104, "audit(1772250607.591:477): pid=8655 uid=1000 auid=1000 ses=1 subj=unconfined_u:unconfined_r:unconfined_t:s0-s0:c0.c1023 msg='op=PAM:setcred grantors=pam_env,pam_unix acct=\"root\" exe=\"/usr/bin/sudo\" hostname=ip-172-31-41-171.us-east-2.compute.internal addr=? terminal=/dev/pts/2 res=success'"))) }
NetlinkPayload: InnerMessage(Other((1104, "audit(1772250607.591:477): pid=8655 uid=1000 auid=1000 ses=1 subj=unconfined_u:unconfined_r:unconfined_t:s0-s0:c0.c1023 msg='op=PAM:setcred grantors=pam_env,pam_unix acct=\"root\" exe=\"/usr/bin/sudo\" hostname=ip-172-31-41-171.us-east-2.compute.internal addr=? terminal=/dev/pts/2 res=success'")))
AuditMessage: Other((1104, "audit(1772250607.591:477): pid=8655 uid=1000 auid=1000 ses=1 subj=unconfined_u:unconfined_r:unconfined_t:s0-s0:c0.c1023 msg='op=PAM:setcred grantors=pam_env,pam_unix acct=\"root\" exe=\"/usr/bin/sudo\" hostname=ip-172-31-41-171.us-east-2.compute.internal addr=? terminal=/dev/pts/2 res=success'"))
-----------------------------
NetlinkMessage: NetlinkMessage { header: NetlinkHeader { length: 305, message_type: 1101, flags: 0, sequence_number: 0, port_number: 0 }, payload: InnerMessage(Other((1101, "audit(1772250611.962:478): pid=8660 uid=1000 auid=1000 ses=1 subj=unconfined_u:unconfined_r:unconfined_t:s0-s0:c0.c1023 msg='op=PAM:accounting grantors=pam_unix acct=\"ec2-user\" exe=\"/usr/bin/sudo\" hostname=ip-172-31-41-171.us-east-2.compute.internal addr=? terminal=/dev/pts/2 res=success'"))) }
NetlinkPayload: InnerMessage(Other((1101, "audit(1772250611.962:478): pid=8660 uid=1000 auid=1000 ses=1 subj=unconfined_u:unconfined_r:unconfined_t:s0-s0:c0.c1023 msg='op=PAM:accounting grantors=pam_unix acct=\"ec2-user\" exe=\"/usr/bin/sudo\" hostname=ip-172-31-41-171.us-east-2.compute.internal addr=? terminal=/dev/pts/2 res=success'")))
AuditMessage: Other((1101, "audit(1772250611.962:478): pid=8660 uid=1000 auid=1000 ses=1 subj=unconfined_u:unconfined_r:unconfined_t:s0-s0:c0.c1023 msg='op=PAM:accounting grantors=pam_unix acct=\"ec2-user\" exe=\"/usr/bin/sudo\" hostname=ip-172-31-41-171.us-east-2.compute.internal addr=? terminal=/dev/pts/2 res=success'"))
-----------------------------
NetlinkMessage: NetlinkMessage { header: NetlinkHeader { length: 234, message_type: 1123, flags: 0, sequence_number: 0, port_number: 0 }, payload: InnerMessage(Other((1123, "audit(1772250611.964:479): pid=8660 uid=1000 auid=1000 ses=1 subj=unconfined_u:unconfined_r:unconfined_t:s0-s0:c0.c1023 msg='cwd=\"/home/ec2-user/auditrs\" cmd=6C73202D616C exe=\"/usr/bin/sudo\" terminal=pts/2 res=success'"))) }
NetlinkPayload: InnerMessage(Other((1123, "audit(1772250611.964:479): pid=8660 uid=1000 auid=1000 ses=1 subj=unconfined_u:unconfined_r:unconfined_t:s0-s0:c0.c1023 msg='cwd=\"/home/ec2-user/auditrs\" cmd=6C73202D616C exe=\"/usr/bin/sudo\" terminal=pts/2 res=success'")))
AuditMessage: Other((1123, "audit(1772250611.964:479): pid=8660 uid=1000 auid=1000 ses=1 subj=unconfined_u:unconfined_r:unconfined_t:s0-s0:c0.c1023 msg='cwd=\"/home/ec2-user/auditrs\" cmd=6C73202D616C exe=\"/usr/bin/sudo\" terminal=pts/2 res=success'"))
-----------------------------
NetlinkMessage: NetlinkMessage { header: NetlinkHeader { length: 306, message_type: 1110, flags: 0, sequence_number: 0, port_number: 0 }, payload: InnerMessage(Other((1110, "audit(1772250611.966:480): pid=8660 uid=1000 auid=1000 ses=1 subj=unconfined_u:unconfined_r:unconfined_t:s0-s0:c0.c1023 msg='op=PAM:setcred grantors=pam_env,pam_unix acct=\"root\" exe=\"/usr/bin/sudo\" hostname=ip-172-31-41-171.us-east-2.compute.internal addr=? terminal=/dev/pts/2 res=success'"))) }
NetlinkPayload: InnerMessage(Other((1110, "audit(1772250611.966:480): pid=8660 uid=1000 auid=1000 ses=1 subj=unconfined_u:unconfined_r:unconfined_t:s0-s0:c0.c1023 msg='op=PAM:setcred grantors=pam_env,pam_unix acct=\"root\" exe=\"/usr/bin/sudo\" hostname=ip-172-31-41-171.us-east-2.compute.internal addr=? terminal=/dev/pts/2 res=success'")))
AuditMessage: Other((1110, "audit(1772250611.966:480): pid=8660 uid=1000 auid=1000 ses=1 subj=unconfined_u:unconfined_r:unconfined_t:s0-s0:c0.c1023 msg='op=PAM:setcred grantors=pam_env,pam_unix acct=\"root\" exe=\"/usr/bin/sudo\" hostname=ip-172-31-41-171.us-east-2.compute.internal addr=? terminal=/dev/pts/2 res=success'"))
-----------------------------
NetlinkMessage: NetlinkMessage { header: NetlinkHeader { length: 338, message_type: 1105, flags: 0, sequence_number: 0, port_number: 0 }, payload: InnerMessage(Other((1105, "audit(1772250611.980:481): pid=8660 uid=1000 auid=1000 ses=1 subj=unconfined_u:unconfined_r:unconfined_t:s0-s0:c0.c1023 msg='op=PAM:session_open grantors=pam_keyinit,pam_limits,pam_systemd,pam_unix acct=\"root\" exe=\"/usr/bin/sudo\" hostname=ip-172-31-41-171.us-east-2.compute.internal addr=? terminal=/dev/pts/2 res=success'"))) }
NetlinkPayload: InnerMessage(Other((1105, "audit(1772250611.980:481): pid=8660 uid=1000 auid=1000 ses=1 subj=unconfined_u:unconfined_r:unconfined_t:s0-s0:c0.c1023 msg='op=PAM:session_open grantors=pam_keyinit,pam_limits,pam_systemd,pam_unix acct=\"root\" exe=\"/usr/bin/sudo\" hostname=ip-172-31-41-171.us-east-2.compute.internal addr=? terminal=/dev/pts/2 res=success'")))
AuditMessage: Other((1105, "audit(1772250611.980:481): pid=8660 uid=1000 auid=1000 ses=1 subj=unconfined_u:unconfined_r:unconfined_t:s0-s0:c0.c1023 msg='op=PAM:session_open grantors=pam_keyinit,pam_limits,pam_systemd,pam_unix acct=\"root\" exe=\"/usr/bin/sudo\" hostname=ip-172-31-41-171.us-east-2.compute.internal addr=? terminal=/dev/pts/2 res=success'"))
-----------------------------
NetlinkMessage: NetlinkMessage { header: NetlinkHeader { length: 339, message_type: 1106, flags: 0, sequence_number: 0, port_number: 0 }, payload: InnerMessage(Other((1106, "audit(1772250611.986:482): pid=8660 uid=1000 auid=1000 ses=1 subj=unconfined_u:unconfined_r:unconfined_t:s0-s0:c0.c1023 msg='op=PAM:session_close grantors=pam_keyinit,pam_limits,pam_systemd,pam_unix acct=\"root\" exe=\"/usr/bin/sudo\" hostname=ip-172-31-41-171.us-east-2.compute.internal addr=? terminal=/dev/pts/2 res=success'"))) }
NetlinkPayload: InnerMessage(Other((1106, "audit(1772250611.986:482): pid=8660 uid=1000 auid=1000 ses=1 subj=unconfined_u:unconfined_r:unconfined_t:s0-s0:c0.c1023 msg='op=PAM:session_close grantors=pam_keyinit,pam_limits,pam_systemd,pam_unix acct=\"root\" exe=\"/usr/bin/sudo\" hostname=ip-172-31-41-171.us-east-2.compute.internal addr=? terminal=/dev/pts/2 res=success'")))
AuditMessage: Other((1106, "audit(1772250611.986:482): pid=8660 uid=1000 auid=1000 ses=1 subj=unconfined_u:unconfined_r:unconfined_t:s0-s0:c0.c1023 msg='op=PAM:session_close grantors=pam_keyinit,pam_limits,pam_systemd,pam_unix acct=\"root\" exe=\"/usr/bin/sudo\" hostname=ip-172-31-41-171.us-east-2.compute.internal addr=? terminal=/dev/pts/2 res=success'"))
-----------------------------
NetlinkMessage: NetlinkMessage { header: NetlinkHeader { length: 306, message_type: 1104, flags: 0, sequence_number: 0, port_number: 0 }, payload: InnerMessage(Other((1104, "audit(1772250611.987:483): pid=8660 uid=1000 auid=1000 ses=1 subj=unconfined_u:unconfined_r:unconfined_t:s0-s0:c0.c1023 msg='op=PAM:setcred grantors=pam_env,pam_unix acct=\"root\" exe=\"/usr/bin/sudo\" hostname=ip-172-31-41-171.us-east-2.compute.internal addr=? terminal=/dev/pts/2 res=success'"))) }
NetlinkPayload: InnerMessage(Other((1104, "audit(1772250611.987:483): pid=8660 uid=1000 auid=1000 ses=1 subj=unconfined_u:unconfined_r:unconfined_t:s0-s0:c0.c1023 msg='op=PAM:setcred grantors=pam_env,pam_unix acct=\"root\" exe=\"/usr/bin/sudo\" hostname=ip-172-31-41-171.us-east-2.compute.internal addr=? terminal=/dev/pts/2 res=success'")))
AuditMessage: Other((1104, "audit(1772250611.987:483): pid=8660 uid=1000 auid=1000 ses=1 subj=unconfined_u:unconfined_r:unconfined_t:s0-s0:c0.c1023 msg='op=PAM:setcred grantors=pam_env,pam_unix acct=\"root\" exe=\"/usr/bin/sudo\" hostname=ip-172-31-41-171.us-east-2.compute.internal addr=? terminal=/dev/pts/2 res=success'"))
-----------------------------
NetlinkMessage: NetlinkMessage { header: NetlinkHeader { length: 305, message_type: 1101, flags: 0, sequence_number: 0, port_number: 0 }, payload: InnerMessage(Other((1101, "audit(1772250623.602:484): pid=8667 uid=1000 auid=1000 ses=1 subj=unconfined_u:unconfined_r:unconfined_t:s0-s0:c0.c1023 msg='op=PAM:accounting grantors=pam_unix acct=\"ec2-user\" exe=\"/usr/bin/sudo\" hostname=ip-172-31-41-171.us-east-2.compute.internal addr=? terminal=/dev/pts/2 res=success'"))) }
NetlinkPayload: InnerMessage(Other((1101, "audit(1772250623.602:484): pid=8667 uid=1000 auid=1000 ses=1 subj=unconfined_u:unconfined_r:unconfined_t:s0-s0:c0.c1023 msg='op=PAM:accounting grantors=pam_unix acct=\"ec2-user\" exe=\"/usr/bin/sudo\" hostname=ip-172-31-41-171.us-east-2.compute.internal addr=? terminal=/dev/pts/2 res=success'")))
AuditMessage: Other((1101, "audit(1772250623.602:484): pid=8667 uid=1000 auid=1000 ses=1 subj=unconfined_u:unconfined_r:unconfined_t:s0-s0:c0.c1023 msg='op=PAM:accounting grantors=pam_unix acct=\"ec2-user\" exe=\"/usr/bin/sudo\" hostname=ip-172-31-41-171.us-east-2.compute.internal addr=? terminal=/dev/pts/2 res=success'"))
-----------------------------
NetlinkMessage: NetlinkMessage { header: NetlinkHeader { length: 233, message_type: 1123, flags: 0, sequence_number: 0, port_number: 0 }, payload: InnerMessage(Other((1123, "audit(1772250623.602:485): pid=8667 uid=1000 auid=1000 ses=1 subj=unconfined_u:unconfined_r:unconfined_t:s0-s0:c0.c1023 msg='cwd=\"/home/ec2-user/auditrs\" cmd=6D6469722061 exe=\"/usr/bin/sudo\" terminal=pts/2 res=failed'"))) }
NetlinkPayload: InnerMessage(Other((1123, "audit(1772250623.602:485): pid=8667 uid=1000 auid=1000 ses=1 subj=unconfined_u:unconfined_r:unconfined_t:s0-s0:c0.c1023 msg='cwd=\"/home/ec2-user/auditrs\" cmd=6D6469722061 exe=\"/usr/bin/sudo\" terminal=pts/2 res=failed'")))
AuditMessage: Other((1123, "audit(1772250623.602:485): pid=8667 uid=1000 auid=1000 ses=1 subj=unconfined_u:unconfined_r:unconfined_t:s0-s0:c0.c1023 msg='cwd=\"/home/ec2-user/auditrs\" cmd=6D6469722061 exe=\"/usr/bin/sudo\" terminal=pts/2 res=failed'"))
-----------------------------
NetlinkMessage: NetlinkMessage { header: NetlinkHeader { length: 305, message_type: 1101, flags: 0, sequence_number: 0, port_number: 0 }, payload: InnerMessage(Other((1101, "audit(1772250627.360:486): pid=8669 uid=1000 auid=1000 ses=1 subj=unconfined_u:unconfined_r:unconfined_t:s0-s0:c0.c1023 msg='op=PAM:accounting grantors=pam_unix acct=\"ec2-user\" exe=\"/usr/bin/sudo\" hostname=ip-172-31-41-171.us-east-2.compute.internal addr=? terminal=/dev/pts/2 res=success'"))) }
NetlinkPayload: InnerMessage(Other((1101, "audit(1772250627.360:486): pid=8669 uid=1000 auid=1000 ses=1 subj=unconfined_u:unconfined_r:unconfined_t:s0-s0:c0.c1023 msg='op=PAM:accounting grantors=pam_unix acct=\"ec2-user\" exe=\"/usr/bin/sudo\" hostname=ip-172-31-41-171.us-east-2.compute.internal addr=? terminal=/dev/pts/2 res=success'")))
AuditMessage: Other((1101, "audit(1772250627.360:486): pid=8669 uid=1000 auid=1000 ses=1 subj=unconfined_u:unconfined_r:unconfined_t:s0-s0:c0.c1023 msg='op=PAM:accounting grantors=pam_unix acct=\"ec2-user\" exe=\"/usr/bin/sudo\" hostname=ip-172-31-41-171.us-east-2.compute.internal addr=? terminal=/dev/pts/2 res=success'"))
-----------------------------
NetlinkMessage: NetlinkMessage { header: NetlinkHeader { length: 236, message_type: 1123, flags: 0, sequence_number: 0, port_number: 0 }, payload: InnerMessage(Other((1123, "audit(1772250627.362:487): pid=8669 uid=1000 auid=1000 ses=1 subj=unconfined_u:unconfined_r:unconfined_t:s0-s0:c0.c1023 msg='cwd=\"/home/ec2-user/auditrs\" cmd=6D6B6469722061 exe=\"/usr/bin/sudo\" terminal=pts/2 res=success'"))) }
NetlinkPayload: InnerMessage(Other((1123, "audit(1772250627.362:487): pid=8669 uid=1000 auid=1000 ses=1 subj=unconfined_u:unconfined_r:unconfined_t:s0-s0:c0.c1023 msg='cwd=\"/home/ec2-user/auditrs\" cmd=6D6B6469722061 exe=\"/usr/bin/sudo\" terminal=pts/2 res=success'")))
AuditMessage: Other((1123, "audit(1772250627.362:487): pid=8669 uid=1000 auid=1000 ses=1 subj=unconfined_u:unconfined_r:unconfined_t:s0-s0:c0.c1023 msg='cwd=\"/home/ec2-user/auditrs\" cmd=6D6B6469722061 exe=\"/usr/bin/sudo\" terminal=pts/2 res=success'"))
-----------------------------
NetlinkMessage: NetlinkMessage { header: NetlinkHeader { length: 306, message_type: 1110, flags: 0, sequence_number: 0, port_number: 0 }, payload: InnerMessage(Other((1110, "audit(1772250627.364:488): pid=8669 uid=1000 auid=1000 ses=1 subj=unconfined_u:unconfined_r:unconfined_t:s0-s0:c0.c1023 msg='op=PAM:setcred grantors=pam_env,pam_unix acct=\"root\" exe=\"/usr/bin/sudo\" hostname=ip-172-31-41-171.us-east-2.compute.internal addr=? terminal=/dev/pts/2 res=success'"))) }
NetlinkPayload: InnerMessage(Other((1110, "audit(1772250627.364:488): pid=8669 uid=1000 auid=1000 ses=1 subj=unconfined_u:unconfined_r:unconfined_t:s0-s0:c0.c1023 msg='op=PAM:setcred grantors=pam_env,pam_unix acct=\"root\" exe=\"/usr/bin/sudo\" hostname=ip-172-31-41-171.us-east-2.compute.internal addr=? terminal=/dev/pts/2 res=success'")))
AuditMessage: Other((1110, "audit(1772250627.364:488): pid=8669 uid=1000 auid=1000 ses=1 subj=unconfined_u:unconfined_r:unconfined_t:s0-s0:c0.c1023 msg='op=PAM:setcred grantors=pam_env,pam_unix acct=\"root\" exe=\"/usr/bin/sudo\" hostname=ip-172-31-41-171.us-east-2.compute.internal addr=? terminal=/dev/pts/2 res=success'"))
-----------------------------
NetlinkMessage: NetlinkMessage { header: NetlinkHeader { length: 338, message_type: 1105, flags: 0, sequence_number: 0, port_number: 0 }, payload: InnerMessage(Other((1105, "audit(1772250627.377:489): pid=8669 uid=1000 auid=1000 ses=1 subj=unconfined_u:unconfined_r:unconfined_t:s0-s0:c0.c1023 msg='op=PAM:session_open grantors=pam_keyinit,pam_limits,pam_systemd,pam_unix acct=\"root\" exe=\"/usr/bin/sudo\" hostname=ip-172-31-41-171.us-east-2.compute.internal addr=? terminal=/dev/pts/2 res=success'"))) }
NetlinkPayload: InnerMessage(Other((1105, "audit(1772250627.377:489): pid=8669 uid=1000 auid=1000 ses=1 subj=unconfined_u:unconfined_r:unconfined_t:s0-s0:c0.c1023 msg='op=PAM:session_open grantors=pam_keyinit,pam_limits,pam_systemd,pam_unix acct=\"root\" exe=\"/usr/bin/sudo\" hostname=ip-172-31-41-171.us-east-2.compute.internal addr=? terminal=/dev/pts/2 res=success'")))
AuditMessage: Other((1105, "audit(1772250627.377:489): pid=8669 uid=1000 auid=1000 ses=1 subj=unconfined_u:unconfined_r:unconfined_t:s0-s0:c0.c1023 msg='op=PAM:session_open grantors=pam_keyinit,pam_limits,pam_systemd,pam_unix acct=\"root\" exe=\"/usr/bin/sudo\" hostname=ip-172-31-41-171.us-east-2.compute.internal addr=? terminal=/dev/pts/2 res=success'"))
-----------------------------
NetlinkMessage: NetlinkMessage { header: NetlinkHeader { length: 339, message_type: 1106, flags: 0, sequence_number: 0, port_number: 0 }, payload: InnerMessage(Other((1106, "audit(1772250627.381:490): pid=8669 uid=1000 auid=1000 ses=1 subj=unconfined_u:unconfined_r:unconfined_t:s0-s0:c0.c1023 msg='op=PAM:session_close grantors=pam_keyinit,pam_limits,pam_systemd,pam_unix acct=\"root\" exe=\"/usr/bin/sudo\" hostname=ip-172-31-41-171.us-east-2.compute.internal addr=? terminal=/dev/pts/2 res=success'"))) }
NetlinkPayload: InnerMessage(Other((1106, "audit(1772250627.381:490): pid=8669 uid=1000 auid=1000 ses=1 subj=unconfined_u:unconfined_r:unconfined_t:s0-s0:c0.c1023 msg='op=PAM:session_close grantors=pam_keyinit,pam_limits,pam_systemd,pam_unix acct=\"root\" exe=\"/usr/bin/sudo\" hostname=ip-172-31-41-171.us-east-2.compute.internal addr=? terminal=/dev/pts/2 res=success'")))
AuditMessage: Other((1106, "audit(1772250627.381:490): pid=8669 uid=1000 auid=1000 ses=1 subj=unconfined_u:unconfined_r:unconfined_t:s0-s0:c0.c1023 msg='op=PAM:session_close grantors=pam_keyinit,pam_limits,pam_systemd,pam_unix acct=\"root\" exe=\"/usr/bin/sudo\" hostname=ip-172-31-41-171.us-east-2.compute.internal addr=? terminal=/dev/pts/2 res=success'"))
-----------------------------
NetlinkMessage: NetlinkMessage { header: NetlinkHeader { length: 306, message_type: 1104, flags: 0, sequence_number: 0, port_number: 0 }, payload: InnerMessage(Other((1104, "audit(1772250627.382:491): pid=8669 uid=1000 auid=1000 ses=1 subj=unconfined_u:unconfined_r:unconfined_t:s0-s0:c0.c1023 msg='op=PAM:setcred grantors=pam_env,pam_unix acct=\"root\" exe=\"/usr/bin/sudo\" hostname=ip-172-31-41-171.us-east-2.compute.internal addr=? terminal=/dev/pts/2 res=success'"))) }
NetlinkPayload: InnerMessage(Other((1104, "audit(1772250627.382:491): pid=8669 uid=1000 auid=1000 ses=1 subj=unconfined_u:unconfined_r:unconfined_t:s0-s0:c0.c1023 msg='op=PAM:setcred grantors=pam_env,pam_unix acct=\"root\" exe=\"/usr/bin/sudo\" hostname=ip-172-31-41-171.us-east-2.compute.internal addr=? terminal=/dev/pts/2 res=success'")))
AuditMessage: Other((1104, "audit(1772250627.382:491): pid=8669 uid=1000 auid=1000 ses=1 subj=unconfined_u:unconfined_r:unconfined_t:s0-s0:c0.c1023 msg='op=PAM:setcred grantors=pam_env,pam_unix acct=\"root\" exe=\"/usr/bin/sudo\" hostname=ip-172-31-41-171.us-east-2.compute.internal addr=? terminal=/dev/pts/2 res=success'"))
-----------------------------
NetlinkMessage: NetlinkMessage { header: NetlinkHeader { length: 305, message_type: 1101, flags: 0, sequence_number: 0, port_number: 0 }, payload: InnerMessage(Other((1101, "audit(1772250632.522:492): pid=8674 uid=1000 auid=1000 ses=1 subj=unconfined_u:unconfined_r:unconfined_t:s0-s0:c0.c1023 msg='op=PAM:accounting grantors=pam_unix acct=\"ec2-user\" exe=\"/usr/bin/sudo\" hostname=ip-172-31-41-171.us-east-2.compute.internal addr=? terminal=/dev/pts/2 res=success'"))) }
NetlinkPayload: InnerMessage(Other((1101, "audit(1772250632.522:492): pid=8674 uid=1000 auid=1000 ses=1 subj=unconfined_u:unconfined_r:unconfined_t:s0-s0:c0.c1023 msg='op=PAM:accounting grantors=pam_unix acct=\"ec2-user\" exe=\"/usr/bin/sudo\" hostname=ip-172-31-41-171.us-east-2.compute.internal addr=? terminal=/dev/pts/2 res=success'")))
AuditMessage: Other((1101, "audit(1772250632.522:492): pid=8674 uid=1000 auid=1000 ses=1 subj=unconfined_u:unconfined_r:unconfined_t:s0-s0:c0.c1023 msg='op=PAM:accounting grantors=pam_unix acct=\"ec2-user\" exe=\"/usr/bin/sudo\" hostname=ip-172-31-41-171.us-east-2.compute.internal addr=? terminal=/dev/pts/2 res=success'"))
-----------------------------
NetlinkMessage: NetlinkMessage { header: NetlinkHeader { length: 236, message_type: 1123, flags: 0, sequence_number: 0, port_number: 0 }, payload: InnerMessage(Other((1123, "audit(1772250632.524:493): pid=8674 uid=1000 auid=1000 ses=1 subj=unconfined_u:unconfined_r:unconfined_t:s0-s0:c0.c1023 msg='cwd=\"/home/ec2-user/auditrs\" cmd=726D6469722061 exe=\"/usr/bin/sudo\" terminal=pts/2 res=success'"))) }
NetlinkPayload: InnerMessage(Other((1123, "audit(1772250632.524:493): pid=8674 uid=1000 auid=1000 ses=1 subj=unconfined_u:unconfined_r:unconfined_t:s0-s0:c0.c1023 msg='cwd=\"/home/ec2-user/auditrs\" cmd=726D6469722061 exe=\"/usr/bin/sudo\" terminal=pts/2 res=success'")))
AuditMessage: Other((1123, "audit(1772250632.524:493): pid=8674 uid=1000 auid=1000 ses=1 subj=unconfined_u:unconfined_r:unconfined_t:s0-s0:c0.c1023 msg='cwd=\"/home/ec2-user/auditrs\" cmd=726D6469722061 exe=\"/usr/bin/sudo\" terminal=pts/2 res=success'"))
-----------------------------
NetlinkMessage: NetlinkMessage { header: NetlinkHeader { length: 306, message_type: 1110, flags: 0, sequence_number: 0, port_number: 0 }, payload: InnerMessage(Other((1110, "audit(1772250632.526:494): pid=8674 uid=1000 auid=1000 ses=1 subj=unconfined_u:unconfined_r:unconfined_t:s0-s0:c0.c1023 msg='op=PAM:setcred grantors=pam_env,pam_unix acct=\"root\" exe=\"/usr/bin/sudo\" hostname=ip-172-31-41-171.us-east-2.compute.internal addr=? terminal=/dev/pts/2 res=success'"))) }
NetlinkPayload: InnerMessage(Other((1110, "audit(1772250632.526:494): pid=8674 uid=1000 auid=1000 ses=1 subj=unconfined_u:unconfined_r:unconfined_t:s0-s0:c0.c1023 msg='op=PAM:setcred grantors=pam_env,pam_unix acct=\"root\" exe=\"/usr/bin/sudo\" hostname=ip-172-31-41-171.us-east-2.compute.internal addr=? terminal=/dev/pts/2 res=success'")))
AuditMessage: Other((1110, "audit(1772250632.526:494): pid=8674 uid=1000 auid=1000 ses=1 subj=unconfined_u:unconfined_r:unconfined_t:s0-s0:c0.c1023 msg='op=PAM:setcred grantors=pam_env,pam_unix acct=\"root\" exe=\"/usr/bin/sudo\" hostname=ip-172-31-41-171.us-east-2.compute.internal addr=? terminal=/dev/pts/2 res=success'"))
-----------------------------
NetlinkMessage: NetlinkMessage { header: NetlinkHeader { length: 338, message_type: 1105, flags: 0, sequence_number: 0, port_number: 0 }, payload: InnerMessage(Other((1105, "audit(1772250632.539:495): pid=8674 uid=1000 auid=1000 ses=1 subj=unconfined_u:unconfined_r:unconfined_t:s0-s0:c0.c1023 msg='op=PAM:session_open grantors=pam_keyinit,pam_limits,pam_systemd,pam_unix acct=\"root\" exe=\"/usr/bin/sudo\" hostname=ip-172-31-41-171.us-east-2.compute.internal addr=? terminal=/dev/pts/2 res=success'"))) }
NetlinkPayload: InnerMessage(Other((1105, "audit(1772250632.539:495): pid=8674 uid=1000 auid=1000 ses=1 subj=unconfined_u:unconfined_r:unconfined_t:s0-s0:c0.c1023 msg='op=PAM:session_open grantors=pam_keyinit,pam_limits,pam_systemd,pam_unix acct=\"root\" exe=\"/usr/bin/sudo\" hostname=ip-172-31-41-171.us-east-2.compute.internal addr=? terminal=/dev/pts/2 res=success'")))
AuditMessage: Other((1105, "audit(1772250632.539:495): pid=8674 uid=1000 auid=1000 ses=1 subj=unconfined_u:unconfined_r:unconfined_t:s0-s0:c0.c1023 msg='op=PAM:session_open grantors=pam_keyinit,pam_limits,pam_systemd,pam_unix acct=\"root\" exe=\"/usr/bin/sudo\" hostname=ip-172-31-41-171.us-east-2.compute.internal addr=? terminal=/dev/pts/2 res=success'"))
-----------------------------
NetlinkMessage: NetlinkMessage { header: NetlinkHeader { length: 339, message_type: 1106, flags: 0, sequence_number: 0, port_number: 0 }, payload: InnerMessage(Other((1106, "audit(1772250632.543:496): pid=8674 uid=1000 auid=1000 ses=1 subj=unconfined_u:unconfined_r:unconfined_t:s0-s0:c0.c1023 msg='op=PAM:session_close grantors=pam_keyinit,pam_limits,pam_systemd,pam_unix acct=\"root\" exe=\"/usr/bin/sudo\" hostname=ip-172-31-41-171.us-east-2.compute.internal addr=? terminal=/dev/pts/2 res=success'"))) }
NetlinkPayload: InnerMessage(Other((1106, "audit(1772250632.543:496): pid=8674 uid=1000 auid=1000 ses=1 subj=unconfined_u:unconfined_r:unconfined_t:s0-s0:c0.c1023 msg='op=PAM:session_close grantors=pam_keyinit,pam_limits,pam_systemd,pam_unix acct=\"root\" exe=\"/usr/bin/sudo\" hostname=ip-172-31-41-171.us-east-2.compute.internal addr=? terminal=/dev/pts/2 res=success'")))
AuditMessage: Other((1106, "audit(1772250632.543:496): pid=8674 uid=1000 auid=1000 ses=1 subj=unconfined_u:unconfined_r:unconfined_t:s0-s0:c0.c1023 msg='op=PAM:session_close grantors=pam_keyinit,pam_limits,pam_systemd,pam_unix acct=\"root\" exe=\"/usr/bin/sudo\" hostname=ip-172-31-41-171.us-east-2.compute.internal addr=? terminal=/dev/pts/2 res=success'"))
-----------------------------
NetlinkMessage: NetlinkMessage { header: NetlinkHeader { length: 306, message_type: 1104, flags: 0, sequence_number: 0, port_number: 0 }, payload: InnerMessage(Other((1104, "audit(1772250632.543:497): pid=8674 uid=1000 auid=1000 ses=1 subj=unconfined_u:unconfined_r:unconfined_t:s0-s0:c0.c1023 msg='op=PAM:setcred grantors=pam_env,pam_unix acct=\"root\" exe=\"/usr/bin/sudo\" hostname=ip-172-31-41-171.us-east-2.compute.internal addr=? terminal=/dev/pts/2 res=success'"))) }
NetlinkPayload: InnerMessage(Other((1104, "audit(1772250632.543:497): pid=8674 uid=1000 auid=1000 ses=1 subj=unconfined_u:unconfined_r:unconfined_t:s0-s0:c0.c1023 msg='op=PAM:setcred grantors=pam_env,pam_unix acct=\"root\" exe=\"/usr/bin/sudo\" hostname=ip-172-31-41-171.us-east-2.compute.internal addr=? terminal=/dev/pts/2 res=success'")))
AuditMessage: Other((1104, "audit(1772250632.543:497): pid=8674 uid=1000 auid=1000 ses=1 subj=unconfined_u:unconfined_r:unconfined_t:s0-s0:c0.c1023 msg='op=PAM:setcred grantors=pam_env,pam_unix acct=\"root\" exe=\"/usr/bin/sudo\" hostname=ip-172-31-41-171.us-east-2.compute.internal addr=? terminal=/dev/pts/2 res=success'"))
-----------------------------
